<?xml version="1.0" encoding="UTF-8"?>
<!-- Generated by org.testng.reporters.JUnitXMLReporter -->
<testsuite hostname="LAPTOP-BSLDAL9Q" ignored="2" name="DEMO WEB SHOP" tests="3" failures="0" timestamp="2021-11-25T19:13:59 IST" time="37.829" errors="0">
  <testcase name="verifyHomePageTitle" time="0.593" classname="com.demowebshop.testscripts.HomeTest"/>
  <testcase name="verifyUserLogin" time="2.277" classname="com.demowebshop.testscripts.LoginTest"/>
  <testcase name="verifyUserRegistration" time="2.198" classname="com.demowebshop.testscripts.RegisterTest"/>
  <testcase name="@AfterSuite sendingEmail" time="0.0" classname="com.demowebshop.automationcore.Base">
    <ignored/>
  </testcase> <!-- @AfterSuite sendingEmail -->
  <testcase name="@AfterSuite sendingEmail" time="0.0" classname="com.demowebshop.automationcore.Base">
    <ignored/>
  </testcase> <!-- @AfterSuite sendingEmail -->
</testsuite> <!-- DEMO WEB SHOP -->
