<?xml version="1.0" encoding="UTF-8"?>
<testng-results skipped="0" failed="0" ignored="2" total="5" passed="3">
  <reporter-output>
  </reporter-output>
  <suite name="Regression Suite" duration-ms="37829" started-at="2021-11-25T19:13:22 IST" finished-at="2021-11-25T19:13:59 IST">
    <groups>
    </groups>
    <test name="DEMO WEB SHOP" duration-ms="37829" started-at="2021-11-25T19:13:22 IST" finished-at="2021-11-25T19:13:59 IST">
      <class name="com.demowebshop.testscripts.LoginTest">
        <test-method status="PASS" signature="setup(java.lang.String)[pri:0, instance:com.demowebshop.testscripts.LoginTest@36f0f1be]" name="setup" is-config="true" duration-ms="12420" started-at="2021-11-25T19:13:34 IST" finished-at="2021-11-25T19:13:46 IST">
          <params>
            <param index="0">
              <value>
                <![CDATA[chrome]]>
              </value>
            </param>
          </params>
          <reporter-output>
          </reporter-output>
        </test-method> <!-- setup -->
        <test-method status="PASS" signature="verifyUserLogin()[pri:3, instance:com.demowebshop.testscripts.LoginTest@36f0f1be]" name="verifyUserLogin" duration-ms="2277" started-at="2021-11-25T19:13:46 IST" description="Verification of User Login" finished-at="2021-11-25T19:13:48 IST">
          <reporter-output>
          </reporter-output>
        </test-method> <!-- verifyUserLogin -->
        <test-method status="PASS" signature="tearDown(org.testng.ITestResult)[pri:0, instance:com.demowebshop.testscripts.LoginTest@36f0f1be]" name="tearDown" is-config="true" duration-ms="54" started-at="2021-11-25T19:13:48 IST" finished-at="2021-11-25T19:13:48 IST">
          <params>
            <param index="0">
              <value>
                <![CDATA[[TestResult name=verifyUserLogin status=SUCCESS method=LoginTest.verifyUserLogin()[pri:3, instance:com.demowebshop.testscripts.LoginTest@36f0f1be] output={null}]]]>
              </value>
            </param>
          </params>
          <reporter-output>
          </reporter-output>
        </test-method> <!-- tearDown -->
      </class> <!-- com.demowebshop.testscripts.LoginTest -->
      <class name="com.demowebshop.testscripts.RegisterTest">
        <test-method status="PASS" signature="setup(java.lang.String)[pri:0, instance:com.demowebshop.testscripts.RegisterTest@157632c9]" name="setup" is-config="true" duration-ms="8743" started-at="2021-11-25T19:13:48 IST" finished-at="2021-11-25T19:13:57 IST">
          <params>
            <param index="0">
              <value>
                <![CDATA[chrome]]>
              </value>
            </param>
          </params>
          <reporter-output>
          </reporter-output>
        </test-method> <!-- setup -->
        <test-method status="PASS" signature="verifyUserRegistration()[pri:2, instance:com.demowebshop.testscripts.RegisterTest@157632c9]" name="verifyUserRegistration" duration-ms="2198" started-at="2021-11-25T19:13:57 IST" description="Verification of User Registration" finished-at="2021-11-25T19:13:59 IST">
          <reporter-output>
          </reporter-output>
        </test-method> <!-- verifyUserRegistration -->
        <test-method status="PASS" signature="tearDown(org.testng.ITestResult)[pri:0, instance:com.demowebshop.testscripts.RegisterTest@157632c9]" name="tearDown" is-config="true" duration-ms="51" started-at="2021-11-25T19:13:59 IST" finished-at="2021-11-25T19:13:59 IST">
          <params>
            <param index="0">
              <value>
                <![CDATA[[TestResult name=verifyUserRegistration status=SUCCESS method=RegisterTest.verifyUserRegistration()[pri:2, instance:com.demowebshop.testscripts.RegisterTest@157632c9] output={null}]]]>
              </value>
            </param>
          </params>
          <reporter-output>
          </reporter-output>
        </test-method> <!-- tearDown -->
      </class> <!-- com.demowebshop.testscripts.RegisterTest -->
      <class name="com.demowebshop.testscripts.HomeTest">
        <test-method status="PASS" signature="setup(java.lang.String)[pri:0, instance:com.demowebshop.testscripts.HomeTest@2d2e5f00]" name="setup" is-config="true" duration-ms="11352" started-at="2021-11-25T19:13:22 IST" finished-at="2021-11-25T19:13:33 IST">
          <params>
            <param index="0">
              <value>
                <![CDATA[chrome]]>
              </value>
            </param>
          </params>
          <reporter-output>
          </reporter-output>
        </test-method> <!-- setup -->
        <test-method status="PASS" signature="verifyHomePageTitle()[pri:1, instance:com.demowebshop.testscripts.HomeTest@2d2e5f00]" name="verifyHomePageTitle" duration-ms="593" started-at="2021-11-25T19:13:33 IST" description="Verification of Home Page Title" finished-at="2021-11-25T19:13:34 IST">
          <reporter-output>
          </reporter-output>
        </test-method> <!-- verifyHomePageTitle -->
        <test-method status="PASS" signature="tearDown(org.testng.ITestResult)[pri:0, instance:com.demowebshop.testscripts.HomeTest@2d2e5f00]" name="tearDown" is-config="true" duration-ms="54" started-at="2021-11-25T19:13:34 IST" finished-at="2021-11-25T19:13:34 IST">
          <params>
            <param index="0">
              <value>
                <![CDATA[[TestResult name=verifyHomePageTitle status=SUCCESS method=HomeTest.verifyHomePageTitle()[pri:1, instance:com.demowebshop.testscripts.HomeTest@2d2e5f00] output={null}]]]>
              </value>
            </param>
          </params>
          <reporter-output>
          </reporter-output>
        </test-method> <!-- tearDown -->
        <test-method status="PASS" signature="sendingEmail()[pri:0, instance:com.demowebshop.testscripts.HomeTest@2d2e5f00]" name="sendingEmail" is-config="true" duration-ms="14440" started-at="2021-11-25T19:14:00 IST" finished-at="2021-11-25T19:14:14 IST">
          <reporter-output>
          </reporter-output>
        </test-method> <!-- sendingEmail -->
      </class> <!-- com.demowebshop.testscripts.HomeTest -->
    </test> <!-- DEMO WEB SHOP -->
  </suite> <!-- Regression Suite -->
</testng-results>
